<?xml version="1.0" encoding="UTF-8"?>
<testng-results ignored="0" total="1" passed="1" failed="0" skipped="0">
  <reporter-output>
  </reporter-output>
  <suite started-at="2023-09-07T12:54:57 IST" name="Default suite" finished-at="2023-09-07T12:55:52 IST" duration-ms="54988">
    <groups>
      <group name="smoke">
        <method signature="TC05_CreateContactwithInformationTest.createContactwithInformation()[pri:0, instance:com.crm.contacttest.TC05_CreateContactwithInformationTest@235834f2]" name="createContactwithInformation" class="com.crm.contacttest.TC05_CreateContactwithInformationTest"/>
      </group> <!-- smoke -->
    </groups>
    <test started-at="2023-09-07T12:54:57 IST" name="Default test" finished-at="2023-09-07T12:55:52 IST" duration-ms="54988">
      <class name="com.crm.contacttest.TC05_CreateContactwithInformationTest">
        <test-method is-config="true" signature="browserSetup()[pri:0, instance:com.crm.contacttest.TC05_CreateContactwithInformationTest@235834f2]" started-at="2023-09-07T12:54:57 IST" name="browserSetup" finished-at="2023-09-07T12:55:06 IST" duration-ms="8032" status="PASS">
          <reporter-output>
          </reporter-output>
        </test-method> <!-- browserSetup -->
        <test-method is-config="true" signature="login()[pri:0, instance:com.crm.contacttest.TC05_CreateContactwithInformationTest@235834f2]" started-at="2023-09-07T12:55:06 IST" name="login" finished-at="2023-09-07T12:55:14 IST" duration-ms="8249" status="PASS">
          <reporter-output>
          </reporter-output>
        </test-method> <!-- login -->
        <test-method signature="createContactwithInformation()[pri:0, instance:com.crm.contacttest.TC05_CreateContactwithInformationTest@235834f2]" started-at="2023-09-07T12:55:14 IST" name="createContactwithInformation" finished-at="2023-09-07T12:55:47 IST" duration-ms="33022" status="PASS">
          <reporter-output>
          </reporter-output>
        </test-method> <!-- createContactwithInformation -->
        <test-method is-config="true" signature="logout()[pri:0, instance:com.crm.contacttest.TC05_CreateContactwithInformationTest@235834f2]" started-at="2023-09-07T12:55:47 IST" name="logout" finished-at="2023-09-07T12:55:51 IST" duration-ms="4508" status="PASS">
          <reporter-output>
          </reporter-output>
        </test-method> <!-- logout -->
        <test-method is-config="true" signature="closeBrowser()[pri:0, instance:com.crm.contacttest.TC05_CreateContactwithInformationTest@235834f2]" started-at="2023-09-07T12:55:51 IST" name="closeBrowser" finished-at="2023-09-07T12:55:52 IST" duration-ms="980" status="PASS">
          <reporter-output>
          </reporter-output>
        </test-method> <!-- closeBrowser -->
      </class> <!-- com.crm.contacttest.TC05_CreateContactwithInformationTest -->
    </test> <!-- Default test -->
  </suite> <!-- Default suite -->
</testng-results>
