<?xml version="1.0" encoding="UTF-8"?>
<!-- Generated by org.testng.reporters.JUnitXMLReporter -->
<testsuite ignored="0" hostname="Hariharan" failures="0" tests="3" name="Test2" time="56.814" errors="0" timestamp="2023-09-07T15:19:11 IST">
  <testcase classname="com.crm.contacttest.TC05_CreateContactwithInformationTest" name="createContactwithInformation" time="30.268"/>
  <testcase classname="com.crm.contacttest.TC04_CreateContactTest" name="createContact" time="31.197"/>
  <testcase classname="com.crm.contacttest.TC06_CreateConatactWithphonenoTest" name="createContactwithPhone" time="34.84"/>
</testsuite> <!-- Test2 -->
