<?xml version="1.0" encoding="UTF-8"?>
<!-- Generated by org.testng.reporters.JUnitXMLReporter -->
<testsuite ignored="0" hostname="Hariharan" failures="0" tests="6" name="Test" time="129.236" errors="0" timestamp="2023-09-07T14:20:47 IST">
  <testcase classname="com.crm.contacttest.TC04_CreateContactTest" name="createContact" time="43.943"/>
  <testcase classname="com.crm.orgtest.TC02_CreateOrganizationwithIndustryTest" name="createOrgwithIndustry" time="44.197"/>
  <testcase classname="com.crm.orgtest.TC01_CreateOrganisationTest" name="createorganisation" time="41.614"/>
  <testcase classname="com.crm.orgtest.TC03_CreateOrganizationUsingPhonenumberTest" name="createOrgUsingPhonno" time="27.913"/>
  <testcase classname="com.crm.contacttest.TC06_CreateConatactWithphonenoTest" name="createContactwithPhone" time="35.682"/>
  <testcase classname="com.crm.contacttest.TC05_CreateContactwithInformationTest" name="createContactwithInformation" time="32.56"/>
</testsuite> <!-- Test -->
