<?xml version="1.0" encoding="UTF-8"?>
<!-- Generated by org.testng.reporters.JUnitXMLReporter -->
<testsuite ignored="0" hostname="Hariharan" failures="0" tests="3" name="Test1" time="57.712" errors="0" timestamp="2023-09-07T15:18:14 IST">
  <testcase classname="com.crm.orgtest.TC03_CreateOrganizationUsingPhonenumberTest" name="createOrgUsingPhonno" time="33.452"/>
  <testcase classname="com.crm.orgtest.TC01_CreateOrganisationTest" name="createorganisation" time="33.468"/>
  <testcase classname="com.crm.orgtest.TC02_CreateOrganizationwithIndustryTest" name="createOrgwithIndustry" time="34.41"/>
</testsuite> <!-- Test1 -->
